2019-08-27 20:44:08.381  INFO 16556 --- [main] com.jianzhong.demo.DemoApplication       : Starting DemoApplication on boystar-mac.local with PID 16556 (/data/jianzhong/springboot/demo/target/classes started by boystar in /data/jianzhong/springboot/demo)
2019-08-27 20:44:08.386  INFO 16556 --- [main] com.jianzhong.demo.DemoApplication       : The following profiles are active: dev
2019-08-27 20:44:11.387  INFO 16556 --- [main] com.jianzhong.demo.config.RedisConfig    : JedisPool注入成功！！
2019-08-27 20:44:11.388  INFO 16556 --- [main] com.jianzhong.demo.config.RedisConfig    : redis地址：127.0.0.1:6379
2019-08-27 20:44:12.687  INFO 16556 --- [main] com.jianzhong.demo.DemoApplication       : Started DemoApplication in 5.111 seconds (JVM running for 6.586)
2019-08-27 20:44:18.335  INFO 16556 --- [http-nio-8080-exec-1] com.jianzhong.demo.utils.RedisUtil       : 1
2019-08-27 20:50:21.648  INFO 16556 --- [http-nio-8080-exec-5] com.jianzhong.demo.utils.RedisUtil       : 1
2019-08-27 20:55:16.741  INFO 16817 --- [main] com.jianzhong.demo.DemoApplication       : Starting DemoApplication on boystar-mac.local with PID 16817 (/data/jianzhong/springboot/demo/target/classes started by boystar in /data/jianzhong/springboot/demo)
2019-08-27 20:55:16.744  INFO 16817 --- [main] com.jianzhong.demo.DemoApplication       : The following profiles are active: dev
2019-08-27 20:55:20.971  INFO 16817 --- [main] com.jianzhong.demo.DemoApplication       : Started DemoApplication in 4.96 seconds (JVM running for 6.141)
2019-08-27 20:56:01.289  INFO 16833 --- [main] com.jianzhong.demo.DemoApplication       : Starting DemoApplication on boystar-mac.local with PID 16833 (/data/jianzhong/springboot/demo/target/classes started by boystar in /data/jianzhong/springboot/demo)
2019-08-27 20:56:01.292  INFO 16833 --- [main] com.jianzhong.demo.DemoApplication       : The following profiles are active: dev
2019-08-27 20:56:05.530  INFO 16833 --- [main] com.jianzhong.demo.DemoApplication       : Started DemoApplication in 5.054 seconds (JVM running for 6.174)
2019-08-27 20:56:09.837  INFO 16833 --- [http-nio-8080-exec-3] com.jianzhong.demo.utils.RedisUtil       : -752493231
2019-08-27 21:02:52.515  INFO 16996 --- [main] com.jianzhong.demo.DemoApplication       : Starting DemoApplication on boystar-mac.local with PID 16996 (/data/jianzhong/springboot/demo/target/classes started by boystar in /data/jianzhong/springboot/demo)
2019-08-27 21:02:52.520  INFO 16996 --- [main] com.jianzhong.demo.DemoApplication       : The following profiles are active: dev
2019-08-27 21:02:56.061  INFO 16996 --- [main] com.jianzhong.demo.DemoApplication       : Started DemoApplication in 4.218 seconds (JVM running for 5.257)
2019-08-27 22:26:05.411  INFO 18351 --- [main] com.jianzhong.demo.DemoApplication       : Starting DemoApplication on boystar-mac.local with PID 18351 (/data/jianzhong/springboot/demo/target/classes started by boystar in /data/jianzhong/springboot/demo)
2019-08-27 22:26:05.420  INFO 18351 --- [main] com.jianzhong.demo.DemoApplication       : The following profiles are active: dev
2019-08-27 22:26:09.389  INFO 18351 --- [main] com.jianzhong.demo.DemoApplication       : Started DemoApplication in 4.719 seconds (JVM running for 5.991)
2019-08-27 22:27:46.668 ERROR 18351 --- [http-nio-8080-exec-6] o.a.c.c.C.[.[.[/].[dispatcherServlet]    : Servlet.service() for servlet [dispatcherServlet] in context with path [] threw exception [Request processing failed; nested exception is org.springframework.jdbc.BadSqlGrammarException: 
### Error querying database.  Cause: com.mysql.jdbc.exceptions.jdbc4.MySQLSyntaxErrorException: Table 'spring.pha_user' doesn't exist
### The error may exist in file [/data/jianzhong/springboot/demo/target/classes/mybatis/mapping/UserMapper.xml]
### The error may involve com.jianzhong.demo.repository.UserMapper.selectByPrimaryKey-Inline
### The error occurred while setting parameters
### SQL: select            uid, username, password, is_del, create_time, update_time         from pha_user     where uid = ?
### Cause: com.mysql.jdbc.exceptions.jdbc4.MySQLSyntaxErrorException: Table 'spring.pha_user' doesn't exist
; bad SQL grammar []; nested exception is com.mysql.jdbc.exceptions.jdbc4.MySQLSyntaxErrorException: Table 'spring.pha_user' doesn't exist] with root cause

com.mysql.jdbc.exceptions.jdbc4.MySQLSyntaxErrorException: Table 'spring.pha_user' doesn't exist
	at java.base/jdk.internal.reflect.NativeConstructorAccessorImpl.newInstance0(Native Method) ~[na:na]
	at java.base/jdk.internal.reflect.NativeConstructorAccessorImpl.newInstance(NativeConstructorAccessorImpl.java:62) ~[na:na]
	at java.base/jdk.internal.reflect.DelegatingConstructorAccessorImpl.newInstance(DelegatingConstructorAccessorImpl.java:45) ~[na:na]
	at java.base/java.lang.reflect.Constructor.newInstanceWithCaller(Constructor.java:500) ~[na:na]
	at java.base/java.lang.reflect.Constructor.newInstance(Constructor.java:481) ~[na:na]
	at com.mysql.jdbc.Util.handleNewInstance(Util.java:406) ~[mysql-connector-java-5.1.6.jar:na]
	at com.mysql.jdbc.Util.getInstance(Util.java:381) ~[mysql-connector-java-5.1.6.jar:na]
	at com.mysql.jdbc.SQLError.createSQLException(SQLError.java:1030) ~[mysql-connector-java-5.1.6.jar:na]
	at com.mysql.jdbc.SQLError.createSQLException(SQLError.java:956) ~[mysql-connector-java-5.1.6.jar:na]
	at com.mysql.jdbc.MysqlIO.checkErrorPacket(MysqlIO.java:3491) ~[mysql-connector-java-5.1.6.jar:na]
	at com.mysql.jdbc.MysqlIO.checkErrorPacket(MysqlIO.java:3423) ~[mysql-connector-java-5.1.6.jar:na]
	at com.mysql.jdbc.MysqlIO.sendCommand(MysqlIO.java:1936) ~[mysql-connector-java-5.1.6.jar:na]
	at com.mysql.jdbc.MysqlIO.sqlQueryDirect(MysqlIO.java:2060) ~[mysql-connector-java-5.1.6.jar:na]
	at com.mysql.jdbc.ConnectionImpl.execSQL(ConnectionImpl.java:2542) ~[mysql-connector-java-5.1.6.jar:na]
	at com.mysql.jdbc.PreparedStatement.executeInternal(PreparedStatement.java:1734) ~[mysql-connector-java-5.1.6.jar:na]
	at com.mysql.jdbc.PreparedStatement.execute(PreparedStatement.java:995) ~[mysql-connector-java-5.1.6.jar:na]
	at com.zaxxer.hikari.pool.ProxyPreparedStatement.execute(ProxyPreparedStatement.java:44) ~[HikariCP-3.2.0.jar:na]
	at com.zaxxer.hikari.pool.HikariProxyPreparedStatement.execute(HikariProxyPreparedStatement.java) ~[HikariCP-3.2.0.jar:na]
	at org.apache.ibatis.executor.statement.PreparedStatementHandler.query(PreparedStatementHandler.java:63) ~[mybatis-3.4.5.jar:3.4.5]
	at org.apache.ibatis.executor.statement.RoutingStatementHandler.query(RoutingStatementHandler.java:79) ~[mybatis-3.4.5.jar:3.4.5]
	at org.apache.ibatis.executor.SimpleExecutor.doQuery(SimpleExecutor.java:63) ~[mybatis-3.4.5.jar:3.4.5]
	at org.apache.ibatis.executor.BaseExecutor.queryFromDatabase(BaseExecutor.java:324) ~[mybatis-3.4.5.jar:3.4.5]
	at org.apache.ibatis.executor.BaseExecutor.query(BaseExecutor.java:156) ~[mybatis-3.4.5.jar:3.4.5]
	at org.apache.ibatis.executor.CachingExecutor.query(CachingExecutor.java:109) ~[mybatis-3.4.5.jar:3.4.5]
	at com.github.pagehelper.PageInterceptor.intercept(PageInterceptor.java:143) ~[pagehelper-5.1.2.jar:na]
	at org.apache.ibatis.plugin.Plugin.invoke(Plugin.java:61) ~[mybatis-3.4.5.jar:3.4.5]
	at com.sun.proxy.$Proxy85.query(Unknown Source) ~[na:na]
	at org.apache.ibatis.session.defaults.DefaultSqlSession.selectList(DefaultSqlSession.java:148) ~[mybatis-3.4.5.jar:3.4.5]
	at org.apache.ibatis.session.defaults.DefaultSqlSession.selectList(DefaultSqlSession.java:141) ~[mybatis-3.4.5.jar:3.4.5]
	at org.apache.ibatis.session.defaults.DefaultSqlSession.selectOne(DefaultSqlSession.java:77) ~[mybatis-3.4.5.jar:3.4.5]
	at java.base/jdk.internal.reflect.NativeMethodAccessorImpl.invoke0(Native Method) ~[na:na]
	at java.base/jdk.internal.reflect.NativeMethodAccessorImpl.invoke(NativeMethodAccessorImpl.java:62) ~[na:na]
	at java.base/jdk.internal.reflect.DelegatingMethodAccessorImpl.invoke(DelegatingMethodAccessorImpl.java:43) ~[na:na]
	at java.base/java.lang.reflect.Method.invoke(Method.java:567) ~[na:na]
	at org.mybatis.spring.SqlSessionTemplate$SqlSessionInterceptor.invoke(SqlSessionTemplate.java:433) ~[mybatis-spring-1.3.1.jar:1.3.1]
	at com.sun.proxy.$Proxy62.selectOne(Unknown Source) ~[na:na]
	at org.mybatis.spring.SqlSessionTemplate.selectOne(SqlSessionTemplate.java:166) ~[mybatis-spring-1.3.1.jar:1.3.1]
	at org.apache.ibatis.binding.MapperMethod.execute(MapperMethod.java:82) ~[mybatis-3.4.5.jar:3.4.5]
	at org.apache.ibatis.binding.MapperProxy.invoke(MapperProxy.java:59) ~[mybatis-3.4.5.jar:3.4.5]
	at com.sun.proxy.$Proxy63.selectByPrimaryKey(Unknown Source) ~[na:na]
	at java.base/jdk.internal.reflect.NativeMethodAccessorImpl.invoke0(Native Method) ~[na:na]
	at java.base/jdk.internal.reflect.NativeMethodAccessorImpl.invoke(NativeMethodAccessorImpl.java:62) ~[na:na]
	at java.base/jdk.internal.reflect.DelegatingMethodAccessorImpl.invoke(DelegatingMethodAccessorImpl.java:43) ~[na:na]
	at java.base/java.lang.reflect.Method.invoke(Method.java:567) ~[na:na]
	at org.springframework.aop.support.AopUtils.invokeJoinpointUsingReflection(AopUtils.java:343) ~[spring-aop-5.1.8.RELEASE.jar:5.1.8.RELEASE]
	at org.springframework.aop.framework.ReflectiveMethodInvocation.invokeJoinpoint(ReflectiveMethodInvocation.java:198) ~[spring-aop-5.1.8.RELEASE.jar:5.1.8.RELEASE]
	at org.springframework.aop.framework.ReflectiveMethodInvocation.proceed(ReflectiveMethodInvocation.java:163) ~[spring-aop-5.1.8.RELEASE.jar:5.1.8.RELEASE]
	at org.springframework.dao.support.PersistenceExceptionTranslationInterceptor.invoke(PersistenceExceptionTranslationInterceptor.java:139) ~[spring-tx-5.1.8.RELEASE.jar:5.1.8.RELEASE]
	at org.springframework.aop.framework.ReflectiveMethodInvocation.proceed(ReflectiveMethodInvocation.java:186) ~[spring-aop-5.1.8.RELEASE.jar:5.1.8.RELEASE]
	at org.springframework.aop.framework.JdkDynamicAopProxy.invoke(JdkDynamicAopProxy.java:212) ~[spring-aop-5.1.8.RELEASE.jar:5.1.8.RELEASE]
	at com.sun.proxy.$Proxy65.selectByPrimaryKey(Unknown Source) ~[na:na]
	at com.jianzhong.demo.service.UserService.selectByPrimaryKey(UserService.java:34) ~[classes/:na]
	at com.jianzhong.demo.controller.UserController.detail(UserController.java:45) ~[classes/:na]
	at com.jianzhong.demo.controller.UserController$$FastClassBySpringCGLIB$$198ec79b.invoke(<generated>) ~[classes/:na]
	at org.springframework.cglib.proxy.MethodProxy.invoke(MethodProxy.java:218) ~[spring-core-5.1.8.RELEASE.jar:5.1.8.RELEASE]
	at org.springframework.aop.framework.CglibAopProxy$DynamicAdvisedInterceptor.intercept(CglibAopProxy.java:684) ~[spring-aop-5.1.8.RELEASE.jar:5.1.8.RELEASE]
	at com.jianzhong.demo.controller.UserController$$EnhancerBySpringCGLIB$$7513b3ff.detail(<generated>) ~[classes/:na]
	at java.base/jdk.internal.reflect.NativeMethodAccessorImpl.invoke0(Native Method) ~[na:na]
	at java.base/jdk.internal.reflect.NativeMethodAccessorImpl.invoke(NativeMethodAccessorImpl.java:62) ~[na:na]
	at java.base/jdk.internal.reflect.DelegatingMethodAccessorImpl.invoke(DelegatingMethodAccessorImpl.java:43) ~[na:na]
	at java.base/java.lang.reflect.Method.invoke(Method.java:567) ~[na:na]
	at org.springframework.web.method.support.InvocableHandlerMethod.doInvoke(InvocableHandlerMethod.java:190) ~[spring-web-5.1.8.RELEASE.jar:5.1.8.RELEASE]
	at org.springframework.web.method.support.InvocableHandlerMethod.invokeForRequest(InvocableHandlerMethod.java:138) ~[spring-web-5.1.8.RELEASE.jar:5.1.8.RELEASE]
	at org.springframework.web.servlet.mvc.method.annotation.ServletInvocableHandlerMethod.invokeAndHandle(ServletInvocableHandlerMethod.java:104) ~[spring-webmvc-5.1.8.RELEASE.jar:5.1.8.RELEASE]
	at org.springframework.web.servlet.mvc.method.annotation.RequestMappingHandlerAdapter.invokeHandlerMethod(RequestMappingHandlerAdapter.java:892) ~[spring-webmvc-5.1.8.RELEASE.jar:5.1.8.RELEASE]
	at org.springframework.web.servlet.mvc.method.annotation.RequestMappingHandlerAdapter.handleInternal(RequestMappingHandlerAdapter.java:797) ~[spring-webmvc-5.1.8.RELEASE.jar:5.1.8.RELEASE]
	at org.springframework.web.servlet.mvc.method.AbstractHandlerMethodAdapter.handle(AbstractHandlerMethodAdapter.java:87) ~[spring-webmvc-5.1.8.RELEASE.jar:5.1.8.RELEASE]
	at org.springframework.web.servlet.DispatcherServlet.doDispatch(DispatcherServlet.java:1039) ~[spring-webmvc-5.1.8.RELEASE.jar:5.1.8.RELEASE]
	at org.springframework.web.servlet.DispatcherServlet.doService(DispatcherServlet.java:942) ~[spring-webmvc-5.1.8.RELEASE.jar:5.1.8.RELEASE]
	at org.springframework.web.servlet.FrameworkServlet.processRequest(FrameworkServlet.java:1005) ~[spring-webmvc-5.1.8.RELEASE.jar:5.1.8.RELEASE]
	at org.springframework.web.servlet.FrameworkServlet.doGet(FrameworkServlet.java:897) ~[spring-webmvc-5.1.8.RELEASE.jar:5.1.8.RELEASE]
	at javax.servlet.http.HttpServlet.service(HttpServlet.java:634) ~[tomcat-embed-core-9.0.21.jar:9.0.21]
	at org.springframework.web.servlet.FrameworkServlet.service(FrameworkServlet.java:882) ~[spring-webmvc-5.1.8.RELEASE.jar:5.1.8.RELEASE]
	at javax.servlet.http.HttpServlet.service(HttpServlet.java:741) ~[tomcat-embed-core-9.0.21.jar:9.0.21]
	at org.apache.catalina.core.ApplicationFilterChain.internalDoFilter(ApplicationFilterChain.java:231) ~[tomcat-embed-core-9.0.21.jar:9.0.21]
	at org.apache.catalina.core.ApplicationFilterChain.doFilter(ApplicationFilterChain.java:166) ~[tomcat-embed-core-9.0.21.jar:9.0.21]
	at org.apache.tomcat.websocket.server.WsFilter.doFilter(WsFilter.java:53) ~[tomcat-embed-websocket-9.0.21.jar:9.0.21]
	at org.apache.catalina.core.ApplicationFilterChain.internalDoFilter(ApplicationFilterChain.java:193) ~[tomcat-embed-core-9.0.21.jar:9.0.21]
	at org.apache.catalina.core.ApplicationFilterChain.doFilter(ApplicationFilterChain.java:166) ~[tomcat-embed-core-9.0.21.jar:9.0.21]
	at org.springframework.web.filter.RequestContextFilter.doFilterInternal(RequestContextFilter.java:99) ~[spring-web-5.1.8.RELEASE.jar:5.1.8.RELEASE]
	at org.springframework.web.filter.OncePerRequestFilter.doFilter(OncePerRequestFilter.java:109) ~[spring-web-5.1.8.RELEASE.jar:5.1.8.RELEASE]
	at org.apache.catalina.core.ApplicationFilterChain.internalDoFilter(ApplicationFilterChain.java:193) ~[tomcat-embed-core-9.0.21.jar:9.0.21]
	at org.apache.catalina.core.ApplicationFilterChain.doFilter(ApplicationFilterChain.java:166) ~[tomcat-embed-core-9.0.21.jar:9.0.21]
	at org.springframework.web.filter.FormContentFilter.doFilterInternal(FormContentFilter.java:92) ~[spring-web-5.1.8.RELEASE.jar:5.1.8.RELEASE]
	at org.springframework.web.filter.OncePerRequestFilter.doFilter(OncePerRequestFilter.java:109) ~[spring-web-5.1.8.RELEASE.jar:5.1.8.RELEASE]
	at org.apache.catalina.core.ApplicationFilterChain.internalDoFilter(ApplicationFilterChain.java:193) ~[tomcat-embed-core-9.0.21.jar:9.0.21]
	at org.apache.catalina.core.ApplicationFilterChain.doFilter(ApplicationFilterChain.java:166) ~[tomcat-embed-core-9.0.21.jar:9.0.21]
	at org.springframework.web.filter.HiddenHttpMethodFilter.doFilterInternal(HiddenHttpMethodFilter.java:93) ~[spring-web-5.1.8.RELEASE.jar:5.1.8.RELEASE]
	at org.springframework.web.filter.OncePerRequestFilter.doFilter(OncePerRequestFilter.java:109) ~[spring-web-5.1.8.RELEASE.jar:5.1.8.RELEASE]
	at org.apache.catalina.core.ApplicationFilterChain.internalDoFilter(ApplicationFilterChain.java:193) ~[tomcat-embed-core-9.0.21.jar:9.0.21]
	at org.apache.catalina.core.ApplicationFilterChain.doFilter(ApplicationFilterChain.java:166) ~[tomcat-embed-core-9.0.21.jar:9.0.21]
	at org.springframework.web.filter.CharacterEncodingFilter.doFilterInternal(CharacterEncodingFilter.java:200) ~[spring-web-5.1.8.RELEASE.jar:5.1.8.RELEASE]
	at org.springframework.web.filter.OncePerRequestFilter.doFilter(OncePerRequestFilter.java:109) ~[spring-web-5.1.8.RELEASE.jar:5.1.8.RELEASE]
	at org.apache.catalina.core.ApplicationFilterChain.internalDoFilter(ApplicationFilterChain.java:193) ~[tomcat-embed-core-9.0.21.jar:9.0.21]
	at org.apache.catalina.core.ApplicationFilterChain.doFilter(ApplicationFilterChain.java:166) ~[tomcat-embed-core-9.0.21.jar:9.0.21]
	at org.apache.catalina.core.StandardWrapperValve.invoke(StandardWrapperValve.java:202) ~[tomcat-embed-core-9.0.21.jar:9.0.21]
	at org.apache.catalina.core.StandardContextValve.invoke(StandardContextValve.java:96) ~[tomcat-embed-core-9.0.21.jar:9.0.21]
	at org.apache.catalina.authenticator.AuthenticatorBase.invoke(AuthenticatorBase.java:490) ~[tomcat-embed-core-9.0.21.jar:9.0.21]
	at org.apache.catalina.core.StandardHostValve.invoke(StandardHostValve.java:139) ~[tomcat-embed-core-9.0.21.jar:9.0.21]
	at org.apache.catalina.valves.ErrorReportValve.invoke(ErrorReportValve.java:92) ~[tomcat-embed-core-9.0.21.jar:9.0.21]
	at org.apache.catalina.core.StandardEngineValve.invoke(StandardEngineValve.java:74) ~[tomcat-embed-core-9.0.21.jar:9.0.21]
	at org.apache.catalina.connector.CoyoteAdapter.service(CoyoteAdapter.java:343) ~[tomcat-embed-core-9.0.21.jar:9.0.21]
	at org.apache.coyote.http11.Http11Processor.service(Http11Processor.java:408) ~[tomcat-embed-core-9.0.21.jar:9.0.21]
	at org.apache.coyote.AbstractProcessorLight.process(AbstractProcessorLight.java:66) ~[tomcat-embed-core-9.0.21.jar:9.0.21]
	at org.apache.coyote.AbstractProtocol$ConnectionHandler.process(AbstractProtocol.java:853) ~[tomcat-embed-core-9.0.21.jar:9.0.21]
	at org.apache.tomcat.util.net.NioEndpoint$SocketProcessor.doRun(NioEndpoint.java:1587) ~[tomcat-embed-core-9.0.21.jar:9.0.21]
	at org.apache.tomcat.util.net.SocketProcessorBase.run(SocketProcessorBase.java:49) ~[tomcat-embed-core-9.0.21.jar:9.0.21]
	at java.base/java.util.concurrent.ThreadPoolExecutor.runWorker(ThreadPoolExecutor.java:1128) ~[na:na]
	at java.base/java.util.concurrent.ThreadPoolExecutor$Worker.run(ThreadPoolExecutor.java:628) ~[na:na]
	at org.apache.tomcat.util.threads.TaskThread$WrappingRunnable.run(TaskThread.java:61) ~[tomcat-embed-core-9.0.21.jar:9.0.21]
	at java.base/java.lang.Thread.run(Thread.java:835) ~[na:na]

2019-08-27 22:27:46.693 ERROR 18351 --- [http-nio-8080-exec-6] c.j.demo.controller.ErrorController      : Request processing failed; nested exception is org.springframework.jdbc.BadSqlGrammarException: 

2019-08-27 22:28:29.804  INFO 18448 --- [main] com.jianzhong.demo.DemoApplication       : Starting DemoApplication on boystar-mac.local with PID 18448 (/data/jianzhong/springboot/demo/target/classes started by boystar in /data/jianzhong/springboot/demo)
2019-08-27 22:28:29.807  INFO 18448 --- [main] com.jianzhong.demo.DemoApplication       : The following profiles are active: dev
2019-08-27 22:28:34.162  INFO 18448 --- [main] com.jianzhong.demo.DemoApplication       : Started DemoApplication in 5.091 seconds (JVM running for 6.561)
2019-08-27 22:39:00.090  INFO 18674 --- [main] com.jianzhong.demo.DemoApplication       : Starting DemoApplication on boystar-mac.local with PID 18674 (/data/jianzhong/springboot/demo/target/classes started by boystar in /data/jianzhong/springboot/demo)
2019-08-27 22:39:00.098  INFO 18674 --- [main] com.jianzhong.demo.DemoApplication       : The following profiles are active: dev
2019-08-27 22:39:05.825  INFO 18674 --- [main] com.jianzhong.demo.DemoApplication       : Started DemoApplication in 6.417 seconds (JVM running for 7.611)
2019-08-27 22:39:09.905  INFO 18674 --- [http-nio-8080-exec-3] com.jianzhong.demo.event.UserEvent       : {uid=1}
2019-08-27 22:39:09.909  INFO 18674 --- [http-nio-8080-exec-3] com.jianzhong.demo.service.UserService   : 事件发布成功
2019-08-27 22:41:11.728  INFO 18734 --- [main] com.jianzhong.demo.DemoApplication       : Starting DemoApplication on boystar-mac.local with PID 18734 (/data/jianzhong/springboot/demo/target/classes started by boystar in /data/jianzhong/springboot/demo)
2019-08-27 22:41:11.732  INFO 18734 --- [main] com.jianzhong.demo.DemoApplication       : The following profiles are active: dev
2019-08-27 22:41:16.982  INFO 18734 --- [main] com.jianzhong.demo.DemoApplication       : Started DemoApplication in 6.016 seconds (JVM running for 7.494)
2019-08-27 22:41:17.356  INFO 18734 --- [http-nio-8080-exec-1] com.jianzhong.demo.event.UserEvent       : 事件数据：{uid=1}
2019-08-27 22:41:17.359  INFO 18734 --- [http-nio-8080-exec-1] com.jianzhong.demo.service.UserService   : 事件发布成功
2019-08-27 22:45:41.948  INFO 18858 --- [main] com.jianzhong.demo.DemoApplication       : Starting DemoApplication on boystar-mac.local with PID 18858 (/data/jianzhong/springboot/demo/target/classes started by boystar in /data/jianzhong/springboot/demo)
2019-08-27 22:45:41.951  INFO 18858 --- [main] com.jianzhong.demo.DemoApplication       : The following profiles are active: dev
2019-08-27 22:45:46.643  INFO 18858 --- [main] com.jianzhong.demo.DemoApplication       : Started DemoApplication in 5.349 seconds (JVM running for 6.479)
2019-08-27 22:45:47.785  INFO 18858 --- [http-nio-8080-exec-1] com.jianzhong.demo.event.UserEvent       : 事件数据：{uid=1}
2019-08-27 22:45:47.786  INFO 18858 --- [http-nio-8080-exec-1] com.jianzhong.demo.service.UserService   : 事件发布成功
2019-08-27 22:46:18.185  INFO 18879 --- [main] com.jianzhong.demo.DemoApplication       : Starting DemoApplication on boystar-mac.local with PID 18879 (/data/jianzhong/springboot/demo/target/classes started by boystar in /data/jianzhong/springboot/demo)
2019-08-27 22:46:18.190  INFO 18879 --- [main] com.jianzhong.demo.DemoApplication       : The following profiles are active: dev
2019-08-27 22:46:22.044  INFO 18879 --- [main] com.jianzhong.demo.DemoApplication       : Started DemoApplication in 4.545 seconds (JVM running for 5.762)
2019-08-27 22:46:29.378  INFO 18879 --- [http-nio-8080-exec-1] com.jianzhong.demo.event.UserEvent       : 事件数据：{uid=1}
2019-08-27 22:46:29.380  INFO 18879 --- [http-nio-8080-exec-1] com.jianzhong.demo.service.UserService   : 事件发布成功
